<?xml version="1.0" encoding="UTF-8"?>
<testng-results ignored="0" total="1" passed="1" failed="0" skipped="0">
  <reporter-output>
  </reporter-output>
  <suite started-at="2025-11-16T07:21:35 IST" name="Default suite" finished-at="2025-11-16T07:21:42 IST" duration-ms="6757">
    <groups>
    </groups>
    <test started-at="2025-11-16T07:21:35 IST" name="Default test" finished-at="2025-11-16T07:21:42 IST" duration-ms="6757">
      <class name="org.oorwin.RegisterFunctionality.Registerfunctionality">
        <test-method signature="registerfunctionality()[pri:0, instance:org.oorwin.RegisterFunctionality.Registerfunctionality@73a1e9a9]" started-at="2025-11-16T07:21:35 IST" name="registerfunctionality" finished-at="2025-11-16T07:21:42 IST" duration-ms="6684" status="PASS">
          <reporter-output>
          </reporter-output>
        </test-method> <!-- registerfunctionality -->
      </class> <!-- org.oorwin.RegisterFunctionality.Registerfunctionality -->
    </test> <!-- Default test -->
  </suite> <!-- Default suite -->
</testng-results>
